0 info it worked if it ends with ok
1 verbose cli [ '/usr/local/bin/node',
1 verbose cli   '/usr/local/bin/npm',
1 verbose cli   'install',
1 verbose cli   'https' ]
2 info using npm@1.4.14
3 info using node@v0.10.29
4 warn package.json http@0.0.0 http is also the name of a node core module.
5 warn package.json http@0.0.0 No description
6 warn package.json http@0.0.0 No repository field.
7 warn package.json http@0.0.0 No README data
8 verbose cache add [ 'https', null ]
9 verbose cache add name=undefined spec="https" args=["https",null]
10 verbose parsed url { protocol: null,
10 verbose parsed url   slashes: null,
10 verbose parsed url   auth: null,
10 verbose parsed url   host: null,
10 verbose parsed url   port: null,
10 verbose parsed url   hostname: null,
10 verbose parsed url   hash: null,
10 verbose parsed url   search: null,
10 verbose parsed url   query: null,
10 verbose parsed url   pathname: 'https',
10 verbose parsed url   path: 'https',
10 verbose parsed url   href: 'https' }
11 silly lockFile c3437dbc-https https
12 verbose lock https /home/dev/.npm/c3437dbc-https.lock
13 silly lockFile c3437dbc-https https
14 silly lockFile c3437dbc-https https
15 verbose addNamed [ 'https', '' ]
16 verbose addNamed [ null, '*' ]
17 silly lockFile 421d451a-https https@
18 verbose lock https@ /home/dev/.npm/421d451a-https.lock
19 silly addNameRange { name: 'https', range: '*', hasData: false }
20 verbose url raw https
21 verbose url resolving [ 'https://registry.npmjs.org/', './https' ]
22 verbose url resolved https://registry.npmjs.org/https
23 info trying registry request attempt 1 at 01:45:45
24 http GET https://registry.npmjs.org/https
25 http 404 https://registry.npmjs.org/https
26 verbose headers { date: 'Thu, 19 Jun 2014 01:45:46 GMT',
26 verbose headers   server: 'CouchDB/1.5.0 (Erlang OTP/R16B03)',
26 verbose headers   'content-type': 'application/json',
26 verbose headers   'cache-control': 'max-age=0',
26 verbose headers   'content-length': '52',
26 verbose headers   'accept-ranges': 'bytes',
26 verbose headers   via: '1.1 varnish',
26 verbose headers   age: '0',
26 verbose headers   'x-served-by': 'cache-v44-ASH',
26 verbose headers   'x-cache': 'MISS',
26 verbose headers   'x-cache-hits': '0',
26 verbose headers   'x-timer': 'S1403142345.999551,VS0,VE11',
26 verbose headers   'keep-alive': 'timeout=10, max=50',
26 verbose headers   connection: 'Keep-Alive' }
27 silly registry.get cb [ 404,
27 silly registry.get   { date: 'Thu, 19 Jun 2014 01:45:46 GMT',
27 silly registry.get     server: 'CouchDB/1.5.0 (Erlang OTP/R16B03)',
27 silly registry.get     'content-type': 'application/json',
27 silly registry.get     'cache-control': 'max-age=0',
27 silly registry.get     'content-length': '52',
27 silly registry.get     'accept-ranges': 'bytes',
27 silly registry.get     via: '1.1 varnish',
27 silly registry.get     age: '0',
27 silly registry.get     'x-served-by': 'cache-v44-ASH',
27 silly registry.get     'x-cache': 'MISS',
27 silly registry.get     'x-cache-hits': '0',
27 silly registry.get     'x-timer': 'S1403142345.999551,VS0,VE11',
27 silly registry.get     'keep-alive': 'timeout=10, max=50',
27 silly registry.get     connection: 'Keep-Alive' } ]
28 silly lockFile 421d451a-https https@
29 silly lockFile 421d451a-https https@
30 error 404 404 Not Found: https
30 error 404
30 error 404 'https' is not in the npm registry.
30 error 404 You should bug the author to publish it
30 error 404
30 error 404 Note that you can also install from a
30 error 404 tarball, folder, or http url, or git url.
31 error System Linux 3.2.0-4-amd64
32 error command "/usr/local/bin/node" "/usr/local/bin/npm" "install" "https"
33 error cwd /home/dev/Documents/mercadolibreapp/certs
34 error node -v v0.10.29
35 error npm -v 1.4.14
36 error code E404
37 verbose exit [ 1, true ]
